{"numFailedTestSuites":1,"numFailedTests":1,"numPassedTestSuites":0,"numPassedTests":17,"numPendingTestSuites":0,"numPendingTests":0,"numRuntimeErrorTestSuites":0,"numTodoTests":0,"numTotalTestSuites":1,"numTotalTests":18,"openHandles":[],"snapshot":{"added":0,"didUpdate":false,"failure":false,"filesAdded":0,"filesRemoved":0,"filesRemovedList":[],"filesUnmatched":0,"filesUpdated":0,"matched":0,"total":0,"unchecked":0,"uncheckedKeysByFile":[],"unmatched":0,"updated":0},"startTime":1774416994584,"success":false,"testResults":[{"assertionResults":[{"ancestorTitles":["UsersService"],"duration":9,"failing":false,"failureDetails":[],"failureMessages":[],"fullName":"UsersService debería estar definido","invocations":1,"location":null,"numPassingAsserts":2,"retryReasons":[],"startAt":1774416995800,"status":"passed","title":"debería estar definido"},{"ancestorTitles":["UsersService","create"],"duration":4,"failing":false,"failureDetails":[],"failureMessages":[],"fullName":"UsersService create debería crear y retornar un nuevo usuario satisfactoriamente","invocations":1,"location":null,"numPassingAsserts":3,"retryReasons":[],"startAt":1774416995811,"status":"passed","title":"debería crear y retornar un nuevo usuario satisfactoriamente"},{"ancestorTitles":["UsersService","findByEmail"],"duration":2,"failing":false,"failureDetails":[],"failureMessages":[],"fullName":"UsersService findByEmail debería encontrar y retornar un usuario cuando el email existe","invocations":1,"location":null,"numPassingAsserts":2,"retryReasons":[],"startAt":1774416995816,"status":"passed","title":"debería encontrar y retornar un usuario cuando el email existe"},{"ancestorTitles":["UsersService","findByEmail"],"duration":2,"failing":false,"failureDetails":[],"failureMessages":[],"fullName":"UsersService findByEmail debería retornar null cuando el email no existe","invocations":1,"location":null,"numPassingAsserts":2,"retryReasons":[],"startAt":1774416995819,"status":"passed","title":"debería retornar null cuando el email no existe"},{"ancestorTitles":["UsersService","findById"],"duration":7,"failing":false,"failureDetails":[],"failureMessages":[],"fullName":"UsersService findById debería encontrar y retornar un usuario cuando el id existe","invocations":1,"location":null,"numPassingAsserts":2,"retryReasons":[],"startAt":1774416995821,"status":"passed","title":"debería encontrar y retornar un usuario cuando el id existe"},{"ancestorTitles":["UsersService","findById"],"duration":2,"failing":false,"failureDetails":[],"failureMessages":[],"fullName":"UsersService findById debería retornar null cuando el id no se encuentra","invocations":1,"location":null,"numPassingAsserts":2,"retryReasons":[],"startAt":1774416995829,"status":"passed","title":"debería retornar null cuando el id no se encuentra"},{"ancestorTitles":["UsersService","updateUser"],"duration":3,"failing":false,"failureDetails":[],"failureMessages":[],"fullName":"UsersService updateUser debería actualizar y retornar el usuario cuando éste existe","invocations":1,"location":null,"numPassingAsserts":3,"retryReasons":[],"startAt":1774416995833,"status":"passed","title":"debería actualizar y retornar el usuario cuando éste existe"},{"ancestorTitles":["UsersService","updateUser"],"duration":20,"failing":false,"failureDetails":[],"failureMessages":[],"fullName":"UsersService updateUser debería lanzar un error si el usuario a actualizar no existe","invocations":1,"location":null,"numPassingAsserts":2,"retryReasons":[],"startAt":1774416995837,"status":"passed","title":"debería lanzar un error si el usuario a actualizar no existe"},{"ancestorTitles":["UsersService","updatePassword"],"duration":5,"failing":false,"failureDetails":[{"matcherResult":{"message":"\u001b[2mexpect(\u001b[22m\u001b[31mjest.fn()\u001b[39m\u001b[2m).\u001b[22mtoHaveBeenCalledWith\u001b[2m(\u001b[22m\u001b[32m...expected\u001b[39m\u001b[2m)\u001b[22m\n\nExpected: \u001b[32m\"oldPassword\"\u001b[39m, \u001b[32m\"hashedNewPassword\"\u001b[39m\nReceived: \u001b[2m\"oldPassword\"\u001b[22m, \u001b[31m\"hashedOldPassword\"\u001b[39m\n\nNumber of calls: \u001b[31m1\u001b[39m","pass":false}}],"failureMessages":["Error: \u001b[2mexpect(\u001b[22m\u001b[31mjest.fn()\u001b[39m\u001b[2m).\u001b[22mtoHaveBeenCalledWith\u001b[2m(\u001b[22m\u001b[32m...expected\u001b[39m\u001b[2m)\u001b[22m\n\nExpected: \u001b[32m\"oldPassword\"\u001b[39m, \u001b[32m\"hashedNewPassword\"\u001b[39m\nReceived: \u001b[2m\"oldPassword\"\u001b[22m, \u001b[31m\"hashedOldPassword\"\u001b[39m\n\nNumber of calls: \u001b[31m1\u001b[39m\n    at Object.<anonymous> (C:\\Users\\parra\\Downloads\\WEB\\DESAROLLO WEB ESTEBAN\\Encuentros-back\\Encuentros-Back\\src\\users\\users.service.spec.ts:190:30)"],"fullName":"UsersService updatePassword debería actualizar la contraseña correctamente si todo es válido","invocations":1,"location":null,"numPassingAsserts":0,"retryReasons":[],"startAt":1774416995858,"status":"failed","title":"debería actualizar la contraseña correctamente si todo es válido"},{"ancestorTitles":["UsersService","updatePassword"],"duration":2,"failing":false,"failureDetails":[],"failureMessages":[],"fullName":"UsersService updatePassword debería lanzar un error si el usuario no existe","invocations":1,"location":null,"numPassingAsserts":1,"retryReasons":[],"startAt":1774416995864,"status":"passed","title":"debería lanzar un error si el usuario no existe"},{"ancestorTitles":["UsersService","updatePassword"],"duration":2,"failing":false,"failureDetails":[],"failureMessages":[],"fullName":"UsersService updatePassword debería lanzar un error si la contraseña actual no es correcta","invocations":1,"location":null,"numPassingAsserts":2,"retryReasons":[],"startAt":1774416995866,"status":"passed","title":"debería lanzar un error si la contraseña actual no es correcta"},{"ancestorTitles":["UsersService","deleteUser"],"duration":1,"failing":false,"failureDetails":[],"failureMessages":[],"fullName":"UsersService deleteUser debería eliminar el usuario si este existe","invocations":1,"location":null,"numPassingAsserts":1,"retryReasons":[],"startAt":1774416995868,"status":"passed","title":"debería eliminar el usuario si este existe"},{"ancestorTitles":["UsersService","deleteUser"],"duration":1,"failing":false,"failureDetails":[],"failureMessages":[],"fullName":"UsersService deleteUser debería lanzar un error si el usuario a eliminar no existe","invocations":1,"location":null,"numPassingAsserts":2,"retryReasons":[],"startAt":1774416995870,"status":"passed","title":"debería lanzar un error si el usuario a eliminar no existe"},{"ancestorTitles":["UsersService","searchByName"],"duration":1,"failing":false,"failureDetails":[],"failureMessages":[],"fullName":"UsersService searchByName debería retornar un array vacío si la consulta está vacía o es completada solo por espacios","invocations":1,"location":null,"numPassingAsserts":3,"retryReasons":[],"startAt":1774416995872,"status":"passed","title":"debería retornar un array vacío si la consulta está vacía o es completada solo por espacios"},{"ancestorTitles":["UsersService","searchByName"],"duration":1,"failing":false,"failureDetails":[],"failureMessages":[],"fullName":"UsersService searchByName debería ejecutar el filtro del queryBuilder cuando se proporcione un término válido","invocations":1,"location":null,"numPassingAsserts":6,"retryReasons":[],"startAt":1774416995874,"status":"passed","title":"debería ejecutar el filtro del queryBuilder cuando se proporcione un término válido"},{"ancestorTitles":["UsersService","updateResetToken"],"duration":1,"failing":false,"failureDetails":[],"failureMessages":[],"fullName":"UsersService updateResetToken debería actualizar el token de restablecimiento para el usuario proporcionado","invocations":1,"location":null,"numPassingAsserts":1,"retryReasons":[],"startAt":1774416995876,"status":"passed","title":"debería actualizar el token de restablecimiento para el usuario proporcionado"},{"ancestorTitles":["UsersService","findByResetToken"],"duration":1,"failing":false,"failureDetails":[],"failureMessages":[],"fullName":"UsersService findByResetToken debería retornar el usuario correspondiente al token proveído","invocations":1,"location":null,"numPassingAsserts":2,"retryReasons":[],"startAt":1774416995878,"status":"passed","title":"debería retornar el usuario correspondiente al token proveído"},{"ancestorTitles":["UsersService","resetUserPassword"],"duration":2,"failing":false,"failureDetails":[],"failureMessages":[],"fullName":"UsersService resetUserPassword debería actualizar la contraseña hasheada y limpiar el token","invocations":1,"location":null,"numPassingAsserts":1,"retryReasons":[],"startAt":1774416995879,"status":"passed","title":"debería actualizar la contraseña hasheada y limpiar el token"}],"endTime":1774416995891,"message":"\u001b[1m\u001b[31m  \u001b[1m● \u001b[22m\u001b[1mUsersService › updatePassword › debería actualizar la contraseña correctamente si todo es válido\u001b[39m\u001b[22m\n\n    \u001b[2mexpect(\u001b[22m\u001b[31mjest.fn()\u001b[39m\u001b[2m).\u001b[22mtoHaveBeenCalledWith\u001b[2m(\u001b[22m\u001b[32m...expected\u001b[39m\u001b[2m)\u001b[22m\n\n    Expected: \u001b[32m\"oldPassword\"\u001b[39m, \u001b[32m\"hashedNewPassword\"\u001b[39m\n    Received: \u001b[2m\"oldPassword\"\u001b[22m, \u001b[31m\"hashedOldPassword\"\u001b[39m\n\n    Number of calls: \u001b[31m1\u001b[39m\n\u001b[2m\u001b[22m\n\u001b[2m    \u001b[0m \u001b[90m 188 |\u001b[39m\u001b[22m\n\u001b[2m     \u001b[90m 189 |\u001b[39m       \u001b[90m// Assert\u001b[39m\u001b[22m\n\u001b[2m    \u001b[31m\u001b[1m>\u001b[22m\u001b[2m\u001b[39m\u001b[90m 190 |\u001b[39m       expect(bcrypt\u001b[33m.\u001b[39mcompare)\u001b[33m.\u001b[39mtoHaveBeenCalledWith(currentPassword\u001b[33m,\u001b[39m existingUser\u001b[33m.\u001b[39mcontrasena)\u001b[33m;\u001b[39m\u001b[22m\n\u001b[2m     \u001b[90m     |\u001b[39m                              \u001b[31m\u001b[1m^\u001b[22m\u001b[2m\u001b[39m\u001b[22m\n\u001b[2m     \u001b[90m 191 |\u001b[39m       expect(bcrypt\u001b[33m.\u001b[39mhash)\u001b[33m.\u001b[39mtoHaveBeenCalledWith(newPassword\u001b[33m,\u001b[39m \u001b[35m10\u001b[39m)\u001b[33m;\u001b[39m\u001b[22m\n\u001b[2m     \u001b[90m 192 |\u001b[39m       expect(mockUserRepository\u001b[33m.\u001b[39msave)\u001b[33m.\u001b[39mtoHaveBeenCalled()\u001b[33m;\u001b[39m\u001b[22m\n\u001b[2m     \u001b[90m 193 |\u001b[39m       expect((result \u001b[36mas\u001b[39m any)\u001b[33m.\u001b[39mcontrasena)\u001b[33m.\u001b[39mtoBeUndefined()\u001b[33m;\u001b[39m \u001b[90m// Verifica que se eliminó el property\u001b[39m\u001b[0m\u001b[22m\n\u001b[2m\u001b[22m\n\u001b[2m      \u001b[2mat Object.<anonymous> (\u001b[22m\u001b[2m\u001b[0m\u001b[36musers/users.service.spec.ts\u001b[39m\u001b[0m\u001b[2m:190:30)\u001b[22m\u001b[2m\u001b[22m\n","name":"C:\\Users\\parra\\Downloads\\WEB\\DESAROLLO WEB ESTEBAN\\Encuentros-back\\Encuentros-Back\\src\\users\\users.service.spec.ts","startTime":1774416994825,"status":"failed","summary":""}],"wasInterrupted":false}
